2025-07-23 23:02:38,485 - INFO - 📁 工作流目录结构已准备完成
2025-07-23 23:09:12,499 - INFO - 🚀 开始处理文档: 白皮书参考
2025-07-23 23:09:12,502 - INFO - 📋 文档已复制到: /Users/chongshenyang/Documents/augment-projects/CategoryRAG/data/raw_docs/白皮书参考.xlsx
2025-07-23 23:09:12,503 - INFO - 📄 开始处理文档: 白皮书参考.xlsx
2025-07-23 23:09:12,505 - ERROR - ❌ 文档添加失败: 白皮书参考 - No module named 'document_converter'
2025-07-23 23:11:27,991 - INFO - 📁 工作流目录结构已准备完成
2025-07-23 23:11:27,991 - INFO - 🚀 开始处理文档: 白皮书参考
2025-07-23 23:11:27,992 - INFO - 📋 文档已复制到: /Users/chongshenyang/Documents/augment-projects/CategoryRAG/data/raw_docs/白皮书参考.xlsx
2025-07-23 23:11:27,992 - INFO - 📄 开始处理文档: 白皮书参考.xlsx
2025-07-23 23:11:27,992 - INFO - 📊 处理Excel文档: 白皮书参考.xlsx
2025-07-23 23:11:28,217 - INFO - 📋 处理工作表: Sheet1
2025-07-23 23:11:28,671 - INFO - 📋 处理工作表: Sheet2
2025-07-23 23:11:28,754 - INFO - 📋 处理工作表: Sheet3
2025-07-23 23:11:28,884 - INFO - 📊 生成分块数量: 8
2025-07-23 23:11:28,884 - INFO - 📑 跳过TOC提取: 白皮书参考.xlsx (不支持的格式: .xlsx)
2025-07-23 23:11:28,884 - INFO - 💡 TOC提取仅支持PDF和Word文档格式
2025-07-23 23:11:28,884 - INFO - 🗄️ 开始更新数据库: 白皮书参考
2025-07-23 23:11:28,885 - INFO - 🚀 开始自动构建多集合数据库
2025-07-23 23:11:28,885 - INFO - 🔧 初始化多集合检索器...
2025-07-23 23:11:30,308 - ERROR - ❌ ChromaDB初始化失败: BGE模型路径无效或不存在: None
2025-07-23 23:11:30,308 - ERROR - ❌ 自动构建失败: BGE模型路径无效或不存在: None
2025-07-23 23:11:30,308 - INFO - ✅ 数据库更新完成: 白皮书参考
2025-07-23 23:11:30,308 - INFO - ⚙️ 开始更新配置: 白皮书参考
2025-07-23 23:11:30,317 - ERROR - ❌ 文档添加失败: 白皮书参考 - list indices must be integers or slices, not str
2025-07-23 23:19:52,088 - INFO - 📁 工作流目录结构已准备完成
2025-07-23 23:19:52,088 - INFO - 🚀 开始处理文档: 白皮书参考
2025-07-23 23:19:52,089 - INFO - 📋 文档已复制到: /Users/chongshenyang/Documents/augment-projects/CategoryRAG/data/raw_docs/白皮书参考.xlsx
2025-07-23 23:19:52,090 - INFO - 📄 开始处理文档: 白皮书参考.xlsx
2025-07-23 23:19:52,339 - ERROR - ❌ 文档添加失败: 白皮书参考 - DocumentConverter.__init__() takes 1 positional argument but 2 were given
2025-07-23 23:21:04,342 - INFO - 📁 工作流目录结构已准备完成
2025-07-23 23:21:04,342 - INFO - 🚀 开始处理文档: 白皮书参考
2025-07-23 23:21:04,343 - INFO - 📋 文档已复制到: /Users/chongshenyang/Documents/augment-projects/CategoryRAG/data/raw_docs/白皮书参考.xlsx
2025-07-23 23:21:04,343 - INFO - 📄 开始处理文档: 白皮书参考.xlsx
2025-07-23 23:21:04,615 - INFO - ✅ MarkItDown转换器已初始化
2025-07-23 23:21:04,615 - INFO - ✅ 文本分块器已初始化 (块大小: 5000, 重叠: 1000)
2025-07-23 23:21:04,615 - INFO - ✅ Excel分块器已初始化 (每块行数: None)
2025-07-23 23:21:04,615 - INFO - 🚀 开始处理单个文档: 白皮书参考.xlsx
2025-07-23 23:21:04,615 - INFO - 📊 分块Excel文档: 白皮书参考.xlsx
2025-07-23 23:21:04,688 - INFO - 📊 开始处理Excel文件: 白皮书参考.xlsx
2025-07-23 23:21:04,688 - INFO - 📋 发现工作表: ['Sheet1', 'Sheet2', 'Sheet3']
2025-07-23 23:21:04,688 - INFO - 📄 处理工作表: Sheet1
2025-07-23 23:21:04,744 - INFO - 📊 工作表 'Sheet1' 共有 133 行数据
2025-07-23 23:21:05,135 - INFO - 📄 处理工作表: Sheet2
2025-07-23 23:21:05,169 - INFO - 📊 工作表 'Sheet2' 共有 57 行数据
2025-07-23 23:21:05,214 - INFO - 📄 处理工作表: Sheet3
2025-07-23 23:21:05,249 - INFO - 📊 工作表 'Sheet3' 共有 77 行数据
2025-07-23 23:21:05,336 - INFO - ✅ Excel分块完成: 8个分块
2025-07-23 23:21:05,336 - INFO - ✅ 单个文档处理完成: 白皮书参考.xlsx
2025-07-23 23:21:05,336 - INFO - 📊 生成分块数量: 8
2025-07-23 23:21:05,336 - INFO - 📑 跳过TOC提取: 白皮书参考.xlsx (不支持的格式: .xlsx)
2025-07-23 23:21:05,336 - INFO - 💡 TOC提取仅支持PDF和Word文档格式
2025-07-23 23:21:05,336 - INFO - 🗄️ 开始更新数据库: 白皮书参考
2025-07-23 23:21:05,337 - INFO - 🚀 开始自动构建多集合数据库
2025-07-23 23:21:05,337 - INFO - 🔧 初始化多集合检索器...
2025-07-23 23:21:05,771 - ERROR - ❌ ChromaDB初始化失败: BGE模型路径无效或不存在: None
2025-07-23 23:21:05,771 - ERROR - ❌ 自动构建失败: BGE模型路径无效或不存在: None
2025-07-23 23:21:05,771 - INFO - ✅ 数据库更新完成: 白皮书参考
2025-07-23 23:21:05,771 - INFO - ⚙️ 开始更新配置: 白皮书参考
2025-07-23 23:21:05,778 - ERROR - ❌ 文档添加失败: 白皮书参考 - list indices must be integers or slices, not str
