2025-07-21 14:27:38,378 - INFO - 初始化ChromaDB向量化器
2025-07-21 14:27:38,378 - INFO -   数据库路径: ./chroma_db
2025-07-21 14:27:38,378 - INFO -   集合名称: knowledge_base
2025-07-21 14:27:38,378 - INFO -   模型路径: /Users/chongshenyang/Desktop/bge-large-zh-v1.5
2025-07-21 14:27:41,338 - INFO - Load pretrained SentenceTransformer: /Users/chongshenyang/Desktop/bge-large-zh-v1.5
2025-07-21 14:27:45,005 - INFO - ✅ 使用SentenceTransformer嵌入函数
2025-07-21 14:27:45,008 - INFO - ✅ 创建新集合: knowledge_base
2025-07-21 14:27:45,008 - INFO - 🗑️ 删除现有集合: knowledge_base
2025-07-21 14:27:45,009 - INFO - ✅ 重新创建集合: knowledge_base
2025-07-21 14:27:45,009 - INFO - 📂 加载分块文件: /Users/chongshenyang/Documents/augment-projects/CategoryRAG/processed_docs/chunks
2025-07-21 14:27:45,009 - INFO -   处理文档: EAST数据结构
2025-07-21 14:27:45,009 - INFO -     找到 48 个分块文件
2025-07-21 14:27:45,041 - INFO -   处理文档: 一表通数据结构
2025-07-21 14:27:45,042 - INFO -     找到 54 个分块文件
2025-07-21 14:27:45,054 - INFO -   处理文档: EAST元数据说明
2025-07-21 14:27:45,054 - INFO -     找到 8 个分块文件
2025-07-21 14:27:45,056 - INFO -   处理文档: EAST自营资金报送范围
2025-07-21 14:27:45,056 - INFO -     找到 2 个分块文件
2025-07-21 14:27:45,056 - INFO -   处理文档: 1104报表合辑【2024版】
2025-07-21 14:27:45,056 - INFO -     找到 207 个分块文件
2025-07-21 14:27:45,083 - INFO -   处理文档: EAST表结构
2025-07-21 14:27:45,083 - INFO -     找到 2 个分块文件
2025-07-21 14:27:45,084 - INFO -   处理文档: 一表通产品报送映射
2025-07-21 14:27:45,084 - INFO -     找到 7 个分块文件
2025-07-21 14:27:45,085 - INFO -   处理文档: 1104报表合辑【2022版】
2025-07-21 14:27:45,086 - INFO -     找到 163 个分块文件
2025-07-21 14:27:45,109 - INFO -   处理文档: 人民银行金融统计制度汇编
2025-07-21 14:27:45,109 - INFO -     找到 104 个分块文件
2025-07-21 14:27:45,124 - INFO - ✅ 总共加载 595 个分块
2025-07-21 14:27:45,124 - INFO - 📥 开始向ChromaDB添加 595 个分块
2025-07-21 14:27:45,124 - INFO -   处理批次 1/6 (1-100)
2025-07-21 14:28:30,292 - INFO -   处理批次 2/6 (101-200)
2025-07-21 14:29:16,469 - INFO -   处理批次 3/6 (201-300)
2025-07-21 14:30:03,574 - INFO -   处理批次 4/6 (301-400)
2025-07-21 14:30:59,947 - INFO -   处理批次 5/6 (401-500)
2025-07-21 14:32:01,012 - INFO -   处理批次 6/6 (501-595)
2025-07-21 14:32:58,265 - INFO - ✅ ChromaDB添加完成，当前总文档数: 595
